k:\hl1re\source-sdk-2005-xbox\utils\vrad\vrad___win32_release\vc143.pdb
k:\hl1re\source-sdk-2005-xbox\utils\vrad\vrad___win32_release\mpi_stats.obj
k:\hl1re\source-sdk-2005-xbox\utils\vrad\vrad___win32_release\mpi_stats.asm
k:\hl1re\source-sdk-2005-xbox\utils\vrad\vrad___win32_release\map_shared.obj
k:\hl1re\source-sdk-2005-xbox\utils\vrad\vrad___win32_release\map_shared.asm
k:\hl1re\source-sdk-2005-xbox\utils\vrad\vrad___win32_release\cmdlib.obj
k:\hl1re\source-sdk-2005-xbox\utils\vrad\vrad___win32_release\cmdlib.asm
k:\hl1re\source-sdk-2005-xbox\utils\vrad\vrad___win32_release\bsplib.obj
k:\hl1re\source-sdk-2005-xbox\utils\vrad\vrad___win32_release\bsplib.asm
k:\hl1re\source-sdk-2005-xbox\utils\vrad\vrad___win32_release\zip_utils.obj
k:\hl1re\source-sdk-2005-xbox\utils\vrad\vrad___win32_release\zip_utils.asm
k:\hl1re\source-sdk-2005-xbox\utils\vrad\vrad___win32_release\vmatrix.obj
k:\hl1re\source-sdk-2005-xbox\utils\vrad\vrad___win32_release\vmatrix.asm
k:\hl1re\source-sdk-2005-xbox\utils\vrad\vrad___win32_release\scratchpadutils.obj
k:\hl1re\source-sdk-2005-xbox\utils\vrad\vrad___win32_release\scratchpadutils.asm
k:\hl1re\source-sdk-2005-xbox\utils\vrad\vrad___win32_release\scratchpad3d.obj
k:\hl1re\source-sdk-2005-xbox\utils\vrad\vrad___win32_release\scratchpad3d.asm
k:\hl1re\source-sdk-2005-xbox\utils\vrad\vrad___win32_release\lumpfiles.obj
k:\hl1re\source-sdk-2005-xbox\utils\vrad\vrad___win32_release\lumpfiles.asm
k:\hl1re\source-sdk-2005-xbox\utils\vrad\vrad___win32_release\loadcmdline.obj
k:\hl1re\source-sdk-2005-xbox\utils\vrad\vrad___win32_release\loadcmdline.asm
k:\hl1re\source-sdk-2005-xbox\utils\vrad\vrad___win32_release\filesystem_helpers.obj
k:\hl1re\source-sdk-2005-xbox\utils\vrad\vrad___win32_release\filesystem_helpers.asm
k:\hl1re\source-sdk-2005-xbox\utils\vrad\vrad___win32_release\disp_powerinfo.obj
k:\hl1re\source-sdk-2005-xbox\utils\vrad\vrad___win32_release\disp_powerinfo.asm
k:\hl1re\source-sdk-2005-xbox\utils\vrad\vrad___win32_release\disp_common.obj
k:\hl1re\source-sdk-2005-xbox\utils\vrad\vrad___win32_release\disp_common.asm
k:\hl1re\source-sdk-2005-xbox\utils\vrad\vrad___win32_release\dispcoll_common.obj
k:\hl1re\source-sdk-2005-xbox\utils\vrad\vrad___win32_release\dispcoll_common.asm
k:\hl1re\source-sdk-2005-xbox\utils\vrad\vrad___win32_release\collisionutils.obj
k:\hl1re\source-sdk-2005-xbox\utils\vrad\vrad___win32_release\collisionutils.asm
k:\hl1re\source-sdk-2005-xbox\utils\vrad\vrad___win32_release\chunkfile.obj
k:\hl1re\source-sdk-2005-xbox\utils\vrad\vrad___win32_release\chunkfile.asm
k:\hl1re\source-sdk-2005-xbox\utils\vrad\vrad___win32_release\bumpvects.obj
k:\hl1re\source-sdk-2005-xbox\utils\vrad\vrad___win32_release\bumpvects.asm
k:\hl1re\source-sdk-2005-xbox\utils\vrad\vrad___win32_release\builddisp.obj
k:\hl1re\source-sdk-2005-xbox\utils\vrad\vrad___win32_release\builddisp.asm
k:\hl1re\source-sdk-2005-xbox\utils\vrad\vrad___win32_release\bsptreedata.obj
k:\hl1re\source-sdk-2005-xbox\utils\vrad\vrad___win32_release\bsptreedata.asm
k:\hl1re\source-sdk-2005-xbox\utils\vrad\vrad___win32_release\anorms.obj
k:\hl1re\source-sdk-2005-xbox\utils\vrad\vrad___win32_release\anorms.asm
k:\hl1re\source-sdk-2005-xbox\utils\vrad\vrad___win32_release\vismat.obj
k:\hl1re\source-sdk-2005-xbox\utils\vrad\vrad___win32_release\vismat.asm
k:\hl1re\source-sdk-2005-xbox\utils\vrad\vrad___win32_release\trace.obj
k:\hl1re\source-sdk-2005-xbox\utils\vrad\vrad___win32_release\trace.asm
k:\hl1re\source-sdk-2005-xbox\utils\vrad\vrad___win32_release\samplehash.obj
k:\hl1re\source-sdk-2005-xbox\utils\vrad\vrad___win32_release\samplehash.asm
k:\hl1re\source-sdk-2005-xbox\utils\vrad\vrad___win32_release\radial.obj
k:\hl1re\source-sdk-2005-xbox\utils\vrad\vrad___win32_release\radial.asm
k:\hl1re\source-sdk-2005-xbox\utils\vrad\vrad___win32_release\mpivrad.obj
k:\hl1re\source-sdk-2005-xbox\utils\vrad\vrad___win32_release\mpivrad.asm
k:\hl1re\source-sdk-2005-xbox\utils\vrad\vrad___win32_release\macro_texture.obj
k:\hl1re\source-sdk-2005-xbox\utils\vrad\vrad___win32_release\macro_texture.asm
k:\hl1re\source-sdk-2005-xbox\utils\vrad\vrad___win32_release\lightmap.obj
k:\hl1re\source-sdk-2005-xbox\utils\vrad\vrad___win32_release\lightmap.asm
k:\hl1re\source-sdk-2005-xbox\utils\vrad\vrad___win32_release\leaf_ambient_lighting.obj
k:\hl1re\source-sdk-2005-xbox\utils\vrad\vrad___win32_release\leaf_ambient_lighting.asm
k:\hl1re\source-sdk-2005-xbox\utils\vrad\vrad___win32_release\incremental.obj
k:\hl1re\source-sdk-2005-xbox\utils\vrad\vrad___win32_release\incremental.asm
k:\hl1re\source-sdk-2005-xbox\utils\vrad\vrad___win32_release\imagepacker.obj
k:\hl1re\source-sdk-2005-xbox\utils\vrad\vrad___win32_release\imagepacker.asm
k:\hl1re\source-sdk-2005-xbox\utils\vrad\vrad___win32_release\disp_vrad.obj
k:\hl1re\source-sdk-2005-xbox\utils\vrad\vrad___win32_release\disp_vrad.asm
k:\hl1re\source-sdk-2005-xbox\utils\vrad\vrad___win32_release\vmpi_tools_shared.obj
k:\hl1re\source-sdk-2005-xbox\utils\vrad\vrad___win32_release\vmpi_tools_shared.asm
k:\hl1re\source-sdk-2005-xbox\utils\vrad\vrad___win32_release\utilmatlib.obj
k:\hl1re\source-sdk-2005-xbox\utils\vrad\vrad___win32_release\utilmatlib.asm
k:\hl1re\source-sdk-2005-xbox\utils\vrad\vrad___win32_release\tools_minidump.obj
k:\hl1re\source-sdk-2005-xbox\utils\vrad\vrad___win32_release\tools_minidump.asm
k:\hl1re\source-sdk-2005-xbox\utils\vrad\vrad___win32_release\threads.obj
k:\hl1re\source-sdk-2005-xbox\utils\vrad\vrad___win32_release\threads.asm
k:\hl1re\source-sdk-2005-xbox\utils\vrad\vrad___win32_release\scriplib.obj
k:\hl1re\source-sdk-2005-xbox\utils\vrad\vrad___win32_release\scriplib.asm
k:\hl1re\source-sdk-2005-xbox\utils\vrad\vrad___win32_release\polylib.obj
k:\hl1re\source-sdk-2005-xbox\utils\vrad\vrad___win32_release\polylib.asm
k:\hl1re\source-sdk-2005-xbox\utils\vrad\vrad___win32_release\physdll.obj
k:\hl1re\source-sdk-2005-xbox\utils\vrad\vrad___win32_release\physdll.asm
k:\hl1re\source-sdk-2005-xbox\utils\vrad\vrad___win32_release\pacifier.obj
k:\hl1re\source-sdk-2005-xbox\utils\vrad\vrad___win32_release\pacifier.asm
k:\hl1re\source-sdk-2005-xbox\utils\vrad\vrad___win32_release\mysqldatabase.obj
k:\hl1re\source-sdk-2005-xbox\utils\vrad\vrad___win32_release\mysqldatabase.asm
k:\hl1re\source-sdk-2005-xbox\utils\vrad\vrad___win32_release\vrad_dispcoll.obj
k:\hl1re\source-sdk-2005-xbox\utils\vrad\vrad___win32_release\vrad_dispcoll.asm
k:\hl1re\source-sdk-2005-xbox\utils\vrad\vrad___win32_release\vradstaticprops.obj
k:\hl1re\source-sdk-2005-xbox\utils\vrad\vrad___win32_release\vradstaticprops.asm
k:\hl1re\source-sdk-2005-xbox\utils\vrad\vrad___win32_release\vraddll.obj
k:\hl1re\source-sdk-2005-xbox\utils\vrad\vrad___win32_release\vraddll.asm
k:\hl1re\source-sdk-2005-xbox\utils\vrad\vrad___win32_release\vraddisps.obj
k:\hl1re\source-sdk-2005-xbox\utils\vrad\vrad___win32_release\vraddisps.asm
k:\hl1re\source-sdk-2005-xbox\utils\vrad\vrad___win32_release\vraddetailprops.obj
k:\hl1re\source-sdk-2005-xbox\utils\vrad\vrad___win32_release\vraddetailprops.asm
k:\hl1re\source-sdk-2005-xbox\utils\vrad\vrad___win32_release\vrad.obj
k:\hl1re\source-sdk-2005-xbox\utils\vrad\vrad___win32_release\vrad.asm
k:\hl1re\game\bin\vrad.dll
k:\hl1re\game\bin\vrad.pdb
k:\hl1re\source-sdk-2005-xbox\utils\vrad\vrad___win32_release\vrad.dll
k:\hl1re\source-sdk-2005-xbox\utils\vrad\vrad___win32_release\vrad.map
k:\hl1re\source-sdk-2005-xbox\utils\vrad\vrad___win32_release\vrad.pdb
k:\hl1re\source-sdk-2005-xbox\utils\vrad\vrad___win32_release\vrad.lib
k:\hl1re\source-sdk-2005-xbox\utils\vrad\vrad___win32_release\vrad.exp
k:\hl1re\source-sdk-2005-xbox\utils\vrad\vrad___win32_release\vrad.tlog\cl.command.1.tlog
k:\hl1re\source-sdk-2005-xbox\utils\vrad\vrad___win32_release\vrad.tlog\cl.read.1.tlog
k:\hl1re\source-sdk-2005-xbox\utils\vrad\vrad___win32_release\vrad.tlog\cl.write.1.tlog
k:\hl1re\source-sdk-2005-xbox\utils\vrad\vrad___win32_release\vrad.tlog\custombuildstep.read.1u.tlog
k:\hl1re\source-sdk-2005-xbox\utils\vrad\vrad___win32_release\vrad.tlog\custombuildstep.write.1u.tlog
k:\hl1re\source-sdk-2005-xbox\utils\vrad\vrad___win32_release\vrad.tlog\link.command.1.tlog
k:\hl1re\source-sdk-2005-xbox\utils\vrad\vrad___win32_release\vrad.tlog\link.read.1.tlog
k:\hl1re\source-sdk-2005-xbox\utils\vrad\vrad___win32_release\vrad.tlog\link.write.1.tlog
k:\hl1re\source-sdk-2005-xbox\utils\vrad\vrad___win32_release\vrad.tlog\link.write.2u.tlog
