  builddisp.cpp
  ChunkFile.cpp
  CollisionUtils.cpp
  disp_common.cpp
  disp_powerinfo.cpp
  filesystem_helpers.cpp
  filesystem_init.cpp
  loadcmdline.cpp
  lumpfiles.cpp
  ScratchPad3D.cpp
  memoverride.cpp
  vmatrix.cpp
  zip_utils.cpp
  bsplib.cpp
  cmdlib.cpp
  filesystem_tools.cpp
  map_shared.cpp
  mstristrip.cpp
  pacifier.cpp
  physdll.cpp
  Generating Code...
  Compiling...
  polylib.cpp
  scratchpad_helpers.cpp
  scriplib.cpp
  threads.cpp
  tools_minidump.cpp
  utilmatlib.cpp
K:\HL1RE\source-sdk-2005-xbox\Public\mathlib\ssemath.h(371,4): warning C4838: conversion from 'unsigned int' to 'int32' requires a narrowing conversion
K:\HL1RE\source-sdk-2005-xbox\Public\mathlib\ssemath.h(371,15): warning C4838: conversion from 'unsigned int' to 'int32' requires a narrowing conversion
K:\HL1RE\source-sdk-2005-xbox\Public\mathlib\ssemath.h(371,26): warning C4838: conversion from 'unsigned int' to 'int32' requires a narrowing conversion
K:\HL1RE\source-sdk-2005-xbox\Public\mathlib\ssemath.h(371,37): warning C4838: conversion from 'unsigned int' to 'int32' requires a narrowing conversion
  brushbsp.cpp
  csg.cpp
  cubemap.cpp
K:\HL1RE\source-sdk-2005-xbox\Public\mathlib\ssemath.h(371,4): warning C4838: conversion from 'unsigned int' to 'int32' requires a narrowing conversion
K:\HL1RE\source-sdk-2005-xbox\Public\mathlib\ssemath.h(371,15): warning C4838: conversion from 'unsigned int' to 'int32' requires a narrowing conversion
K:\HL1RE\source-sdk-2005-xbox\Public\mathlib\ssemath.h(371,26): warning C4838: conversion from 'unsigned int' to 'int32' requires a narrowing conversion
K:\HL1RE\source-sdk-2005-xbox\Public\mathlib\ssemath.h(371,37): warning C4838: conversion from 'unsigned int' to 'int32' requires a narrowing conversion
  detail.cpp
  detailObjects.cpp
  disp_ivp.cpp
  disp_vbsp.cpp
  faces.cpp
  glfile.cpp
  ivp.cpp
  leakfile.cpp
  map.cpp
  materialpatch.cpp
  materialsub.cpp
  Generating Code...
  Compiling...
  nodraw.cpp
  normals.cpp
  overlay.cpp
  portals.cpp
  prtfile.cpp
  StaticProp.cpp
  textures.cpp
  tree.cpp
  vbsp.cpp
K:\HL1RE\source-sdk-2005-xbox\Public\mathlib\ssemath.h(371,4): warning C4838: conversion from 'unsigned int' to 'int32' requires a narrowing conversion
K:\HL1RE\source-sdk-2005-xbox\Public\mathlib\ssemath.h(371,15): warning C4838: conversion from 'unsigned int' to 'int32' requires a narrowing conversion
K:\HL1RE\source-sdk-2005-xbox\Public\mathlib\ssemath.h(371,26): warning C4838: conversion from 'unsigned int' to 'int32' requires a narrowing conversion
K:\HL1RE\source-sdk-2005-xbox\Public\mathlib\ssemath.h(371,37): warning C4838: conversion from 'unsigned int' to 'int32' requires a narrowing conversion
  writebsp.cpp
  Generating Code...
tier2.lib(tier2.obj) : warning LNK4075: ignoring '/EDITANDCONTINUE' due to '/INCREMENTAL:NO' specification
     Creating library .\Release\vbsp.lib and object .\Release\vbsp.exp
tier2.lib(tier2.obj) : warning LNK4099: PDB '' was not found with 'tier2.lib(tier2.obj)' or at ''; linking object as if no debug info
  vbsp-2005.vcxproj -> K:\HL1RE\source-sdk-2005-xbox\utils\vbsp\Release\vbsp.exe
