k:\hl1re\source-sdk-2005-xbox\utils\vbsp\release\vbsp.bsc
k:\hl1re\source-sdk-2005-xbox\utils\vbsp\release\vc143.pdb
k:\hl1re\source-sdk-2005-xbox\utils\vbsp\release\builddisp.sbr
k:\hl1re\source-sdk-2005-xbox\utils\vbsp\release\chunkfile.sbr
k:\hl1re\source-sdk-2005-xbox\utils\vbsp\release\collisionutils.sbr
k:\hl1re\source-sdk-2005-xbox\utils\vbsp\release\disp_common.sbr
k:\hl1re\source-sdk-2005-xbox\utils\vbsp\release\disp_powerinfo.sbr
k:\hl1re\source-sdk-2005-xbox\utils\vbsp\release\filesystem_helpers.sbr
k:\hl1re\source-sdk-2005-xbox\utils\vbsp\release\filesystem_init.sbr
k:\hl1re\source-sdk-2005-xbox\utils\vbsp\release\loadcmdline.sbr
k:\hl1re\source-sdk-2005-xbox\utils\vbsp\release\lumpfiles.sbr
k:\hl1re\source-sdk-2005-xbox\utils\vbsp\release\scratchpad3d.sbr
k:\hl1re\source-sdk-2005-xbox\utils\vbsp\release\memoverride.sbr
k:\hl1re\source-sdk-2005-xbox\utils\vbsp\release\vmatrix.sbr
k:\hl1re\source-sdk-2005-xbox\utils\vbsp\release\zip_utils.sbr
k:\hl1re\source-sdk-2005-xbox\utils\vbsp\release\bsplib.sbr
k:\hl1re\source-sdk-2005-xbox\utils\vbsp\release\cmdlib.sbr
k:\hl1re\source-sdk-2005-xbox\utils\vbsp\release\filesystem_tools.sbr
k:\hl1re\source-sdk-2005-xbox\utils\vbsp\release\map_shared.sbr
k:\hl1re\source-sdk-2005-xbox\utils\vbsp\release\mstristrip.sbr
k:\hl1re\source-sdk-2005-xbox\utils\vbsp\release\pacifier.sbr
k:\hl1re\source-sdk-2005-xbox\utils\vbsp\release\physdll.sbr
k:\hl1re\source-sdk-2005-xbox\utils\vbsp\release\physdll.obj
k:\hl1re\source-sdk-2005-xbox\utils\vbsp\release\pacifier.obj
k:\hl1re\source-sdk-2005-xbox\utils\vbsp\release\mstristrip.obj
k:\hl1re\source-sdk-2005-xbox\utils\vbsp\release\map_shared.obj
k:\hl1re\source-sdk-2005-xbox\utils\vbsp\release\filesystem_tools.obj
k:\hl1re\source-sdk-2005-xbox\utils\vbsp\release\cmdlib.obj
k:\hl1re\source-sdk-2005-xbox\utils\vbsp\release\bsplib.obj
k:\hl1re\source-sdk-2005-xbox\utils\vbsp\release\zip_utils.obj
k:\hl1re\source-sdk-2005-xbox\utils\vbsp\release\vmatrix.obj
k:\hl1re\source-sdk-2005-xbox\utils\vbsp\release\scratchpad3d.obj
k:\hl1re\source-sdk-2005-xbox\utils\vbsp\release\lumpfiles.obj
k:\hl1re\source-sdk-2005-xbox\utils\vbsp\release\loadcmdline.obj
k:\hl1re\source-sdk-2005-xbox\utils\vbsp\release\filesystem_init.obj
k:\hl1re\source-sdk-2005-xbox\utils\vbsp\release\filesystem_helpers.obj
k:\hl1re\source-sdk-2005-xbox\utils\vbsp\release\disp_powerinfo.obj
k:\hl1re\source-sdk-2005-xbox\utils\vbsp\release\disp_common.obj
k:\hl1re\source-sdk-2005-xbox\utils\vbsp\release\collisionutils.obj
k:\hl1re\source-sdk-2005-xbox\utils\vbsp\release\chunkfile.obj
k:\hl1re\source-sdk-2005-xbox\utils\vbsp\release\builddisp.obj
k:\hl1re\source-sdk-2005-xbox\utils\vbsp\release\polylib.sbr
k:\hl1re\source-sdk-2005-xbox\utils\vbsp\release\scratchpad_helpers.sbr
k:\hl1re\source-sdk-2005-xbox\utils\vbsp\release\scriplib.sbr
k:\hl1re\source-sdk-2005-xbox\utils\vbsp\release\threads.sbr
k:\hl1re\source-sdk-2005-xbox\utils\vbsp\release\tools_minidump.sbr
k:\hl1re\source-sdk-2005-xbox\utils\vbsp\release\utilmatlib.sbr
k:\hl1re\source-sdk-2005-xbox\utils\vbsp\release\brushbsp.sbr
k:\hl1re\source-sdk-2005-xbox\utils\vbsp\release\csg.sbr
k:\hl1re\source-sdk-2005-xbox\utils\vbsp\release\cubemap.sbr
k:\hl1re\source-sdk-2005-xbox\utils\vbsp\release\detail.sbr
k:\hl1re\source-sdk-2005-xbox\utils\vbsp\release\detailobjects.sbr
k:\hl1re\source-sdk-2005-xbox\utils\vbsp\release\disp_ivp.sbr
k:\hl1re\source-sdk-2005-xbox\utils\vbsp\release\disp_vbsp.sbr
k:\hl1re\source-sdk-2005-xbox\utils\vbsp\release\faces.sbr
k:\hl1re\source-sdk-2005-xbox\utils\vbsp\release\glfile.sbr
k:\hl1re\source-sdk-2005-xbox\utils\vbsp\release\ivp.sbr
k:\hl1re\source-sdk-2005-xbox\utils\vbsp\release\leakfile.sbr
k:\hl1re\source-sdk-2005-xbox\utils\vbsp\release\map.sbr
k:\hl1re\source-sdk-2005-xbox\utils\vbsp\release\materialpatch.sbr
k:\hl1re\source-sdk-2005-xbox\utils\vbsp\release\materialsub.sbr
k:\hl1re\source-sdk-2005-xbox\utils\vbsp\release\materialsub.obj
k:\hl1re\source-sdk-2005-xbox\utils\vbsp\release\materialpatch.obj
k:\hl1re\source-sdk-2005-xbox\utils\vbsp\release\map.obj
k:\hl1re\source-sdk-2005-xbox\utils\vbsp\release\leakfile.obj
k:\hl1re\source-sdk-2005-xbox\utils\vbsp\release\ivp.obj
k:\hl1re\source-sdk-2005-xbox\utils\vbsp\release\glfile.obj
k:\hl1re\source-sdk-2005-xbox\utils\vbsp\release\faces.obj
k:\hl1re\source-sdk-2005-xbox\utils\vbsp\release\disp_vbsp.obj
k:\hl1re\source-sdk-2005-xbox\utils\vbsp\release\disp_ivp.obj
k:\hl1re\source-sdk-2005-xbox\utils\vbsp\release\detailobjects.obj
k:\hl1re\source-sdk-2005-xbox\utils\vbsp\release\detail.obj
k:\hl1re\source-sdk-2005-xbox\utils\vbsp\release\cubemap.obj
k:\hl1re\source-sdk-2005-xbox\utils\vbsp\release\csg.obj
k:\hl1re\source-sdk-2005-xbox\utils\vbsp\release\brushbsp.obj
k:\hl1re\source-sdk-2005-xbox\utils\vbsp\release\utilmatlib.obj
k:\hl1re\source-sdk-2005-xbox\utils\vbsp\release\tools_minidump.obj
k:\hl1re\source-sdk-2005-xbox\utils\vbsp\release\threads.obj
k:\hl1re\source-sdk-2005-xbox\utils\vbsp\release\scriplib.obj
k:\hl1re\source-sdk-2005-xbox\utils\vbsp\release\scratchpad_helpers.obj
k:\hl1re\source-sdk-2005-xbox\utils\vbsp\release\polylib.obj
k:\hl1re\source-sdk-2005-xbox\utils\vbsp\release\nodraw.sbr
k:\hl1re\source-sdk-2005-xbox\utils\vbsp\release\normals.sbr
k:\hl1re\source-sdk-2005-xbox\utils\vbsp\release\overlay.sbr
k:\hl1re\source-sdk-2005-xbox\utils\vbsp\release\portals.sbr
k:\hl1re\source-sdk-2005-xbox\utils\vbsp\release\prtfile.sbr
k:\hl1re\source-sdk-2005-xbox\utils\vbsp\release\staticprop.sbr
k:\hl1re\source-sdk-2005-xbox\utils\vbsp\release\textures.sbr
k:\hl1re\source-sdk-2005-xbox\utils\vbsp\release\tree.sbr
k:\hl1re\source-sdk-2005-xbox\utils\vbsp\release\vbsp.sbr
k:\hl1re\source-sdk-2005-xbox\utils\vbsp\release\writebsp.sbr
k:\hl1re\source-sdk-2005-xbox\utils\vbsp\release\writebsp.obj
k:\hl1re\source-sdk-2005-xbox\utils\vbsp\release\vbsp.obj
k:\hl1re\source-sdk-2005-xbox\utils\vbsp\release\tree.obj
k:\hl1re\source-sdk-2005-xbox\utils\vbsp\release\textures.obj
k:\hl1re\source-sdk-2005-xbox\utils\vbsp\release\staticprop.obj
k:\hl1re\source-sdk-2005-xbox\utils\vbsp\release\prtfile.obj
k:\hl1re\source-sdk-2005-xbox\utils\vbsp\release\portals.obj
k:\hl1re\source-sdk-2005-xbox\utils\vbsp\release\overlay.obj
k:\hl1re\source-sdk-2005-xbox\utils\vbsp\release\normals.obj
k:\hl1re\source-sdk-2005-xbox\utils\vbsp\release\nodraw.obj
k:\hl1re\source-sdk-2005-xbox\utils\vbsp\release\memoverride.obj
k:\hl1re\game\bin\vbsp.exe
k:\hl1re\game\bin\vbsp.pdb
k:\hl1re\source-sdk-2005-xbox\utils\vbsp\release\vbsp.exe
k:\hl1re\source-sdk-2005-xbox\utils\vbsp\release\vbsp.map
k:\hl1re\source-sdk-2005-xbox\utils\vbsp\release\vbsp.pdb
k:\hl1re\source-sdk-2005-xbox\utils\vbsp\release\vbsp.lib
k:\hl1re\source-sdk-2005-xbox\utils\vbsp\release\vbsp.exp
k:\hl1re\source-sdk-2005-xbox\utils\vbsp\release\vbsp.tlog\bscmake.command.1.tlog
k:\hl1re\source-sdk-2005-xbox\utils\vbsp\release\vbsp.tlog\bscmake.read.1.tlog
k:\hl1re\source-sdk-2005-xbox\utils\vbsp\release\vbsp.tlog\bscmake.write.1.tlog
k:\hl1re\source-sdk-2005-xbox\utils\vbsp\release\vbsp.tlog\cl.command.1.tlog
k:\hl1re\source-sdk-2005-xbox\utils\vbsp\release\vbsp.tlog\cl.read.1.tlog
k:\hl1re\source-sdk-2005-xbox\utils\vbsp\release\vbsp.tlog\cl.write.1.tlog
k:\hl1re\source-sdk-2005-xbox\utils\vbsp\release\vbsp.tlog\custombuildstep.read.1u.tlog
k:\hl1re\source-sdk-2005-xbox\utils\vbsp\release\vbsp.tlog\custombuildstep.write.1u.tlog
k:\hl1re\source-sdk-2005-xbox\utils\vbsp\release\vbsp.tlog\link.command.1.tlog
k:\hl1re\source-sdk-2005-xbox\utils\vbsp\release\vbsp.tlog\link.read.1.tlog
k:\hl1re\source-sdk-2005-xbox\utils\vbsp\release\vbsp.tlog\link.write.1.tlog
k:\hl1re\source-sdk-2005-xbox\utils\vbsp\release\vbsp.tlog\link.write.2u.tlog
