k:\hl1re\source-sdk-2005-xbox\vgui2\controls\release\vgui_controls.bsc
k:\hl1re\source-sdk-2005-xbox\vgui2\controls\release\filesystem_helpers.sbr
k:\hl1re\source-sdk-2005-xbox\vgui2\controls\release\animatingimagepanel.sbr
k:\hl1re\source-sdk-2005-xbox\vgui2\controls\release\animationcontroller.sbr
k:\hl1re\source-sdk-2005-xbox\vgui2\controls\release\bitmapimagepanel.sbr
k:\hl1re\source-sdk-2005-xbox\vgui2\controls\release\buildfactoryhelper.sbr
k:\hl1re\source-sdk-2005-xbox\vgui2\controls\release\buildgroup.sbr
k:\hl1re\source-sdk-2005-xbox\vgui2\controls\release\buildmodedialog.sbr
k:\hl1re\source-sdk-2005-xbox\vgui2\controls\release\button.sbr
k:\hl1re\source-sdk-2005-xbox\vgui2\controls\release\checkbutton.sbr
k:\hl1re\source-sdk-2005-xbox\vgui2\controls\release\checkbuttonlist.sbr
k:\hl1re\source-sdk-2005-xbox\vgui2\controls\release\combobox.sbr
k:\hl1re\source-sdk-2005-xbox\vgui2\controls\release\controls.sbr
k:\hl1re\source-sdk-2005-xbox\vgui2\controls\release\directoryselectdialog.sbr
k:\hl1re\source-sdk-2005-xbox\vgui2\controls\release\divider.sbr
k:\hl1re\source-sdk-2005-xbox\vgui2\controls\release\editablepanel.sbr
k:\hl1re\source-sdk-2005-xbox\vgui2\controls\release\expandbutton.sbr
k:\hl1re\source-sdk-2005-xbox\vgui2\controls\release\fileopendialog.sbr
k:\hl1re\source-sdk-2005-xbox\vgui2\controls\release\focusnavgroup.sbr
k:\hl1re\source-sdk-2005-xbox\vgui2\controls\release\frame.sbr
k:\hl1re\source-sdk-2005-xbox\vgui2\controls\release\graphpanel.sbr
k:\hl1re\source-sdk-2005-xbox\vgui2\controls\release\graphpanel.obj
k:\hl1re\source-sdk-2005-xbox\vgui2\controls\release\frame.obj
k:\hl1re\source-sdk-2005-xbox\vgui2\controls\release\focusnavgroup.obj
k:\hl1re\source-sdk-2005-xbox\vgui2\controls\release\fileopendialog.obj
k:\hl1re\source-sdk-2005-xbox\vgui2\controls\release\expandbutton.obj
k:\hl1re\source-sdk-2005-xbox\vgui2\controls\release\editablepanel.obj
k:\hl1re\source-sdk-2005-xbox\vgui2\controls\release\divider.obj
k:\hl1re\source-sdk-2005-xbox\vgui2\controls\release\directoryselectdialog.obj
k:\hl1re\source-sdk-2005-xbox\vgui2\controls\release\controls.obj
k:\hl1re\source-sdk-2005-xbox\vgui2\controls\release\combobox.obj
k:\hl1re\source-sdk-2005-xbox\vgui2\controls\release\checkbuttonlist.obj
k:\hl1re\source-sdk-2005-xbox\vgui2\controls\release\checkbutton.obj
k:\hl1re\source-sdk-2005-xbox\vgui2\controls\release\button.obj
k:\hl1re\source-sdk-2005-xbox\vgui2\controls\release\buildmodedialog.obj
k:\hl1re\source-sdk-2005-xbox\vgui2\controls\release\buildgroup.obj
k:\hl1re\source-sdk-2005-xbox\vgui2\controls\release\buildfactoryhelper.obj
k:\hl1re\source-sdk-2005-xbox\vgui2\controls\release\bitmapimagepanel.obj
k:\hl1re\source-sdk-2005-xbox\vgui2\controls\release\animationcontroller.obj
k:\hl1re\source-sdk-2005-xbox\vgui2\controls\release\animatingimagepanel.obj
k:\hl1re\source-sdk-2005-xbox\vgui2\controls\release\filesystem_helpers.obj
k:\hl1re\source-sdk-2005-xbox\vgui2\controls\release\html.sbr
k:\hl1re\source-sdk-2005-xbox\vgui2\controls\release\image.sbr
k:\hl1re\source-sdk-2005-xbox\vgui2\controls\release\imagelist.sbr
k:\hl1re\source-sdk-2005-xbox\vgui2\controls\release\imagepanel.sbr
k:\hl1re\source-sdk-2005-xbox\vgui2\controls\release\inputdialog.sbr
k:\hl1re\source-sdk-2005-xbox\vgui2\controls\release\keybindinghelpdialog.sbr
k:\hl1re\source-sdk-2005-xbox\vgui2\controls\release\keyboardeditordialog.sbr
k:\hl1re\source-sdk-2005-xbox\vgui2\controls\release\label.sbr
k:\hl1re\source-sdk-2005-xbox\vgui2\controls\release\listpanel.sbr
k:\hl1re\source-sdk-2005-xbox\vgui2\controls\release\listviewpanel.sbr
k:\hl1re\source-sdk-2005-xbox\vgui2\controls\release\menu.sbr
k:\hl1re\source-sdk-2005-xbox\vgui2\controls\release\menubar.sbr
k:\hl1re\source-sdk-2005-xbox\vgui2\controls\release\menubutton.sbr
k:\hl1re\source-sdk-2005-xbox\vgui2\controls\release\menuitem.sbr
k:\hl1re\source-sdk-2005-xbox\vgui2\controls\release\messagebox.sbr
k:\hl1re\source-sdk-2005-xbox\vgui2\controls\release\panel.sbr
k:\hl1re\source-sdk-2005-xbox\vgui2\controls\release\panellistpanel.sbr
k:\hl1re\source-sdk-2005-xbox\vgui2\controls\release\progressbar.sbr
k:\hl1re\source-sdk-2005-xbox\vgui2\controls\release\progressbox.sbr
k:\hl1re\source-sdk-2005-xbox\vgui2\controls\release\propertydialog.sbr
k:\hl1re\source-sdk-2005-xbox\vgui2\controls\release\propertydialog.obj
k:\hl1re\source-sdk-2005-xbox\vgui2\controls\release\progressbox.obj
k:\hl1re\source-sdk-2005-xbox\vgui2\controls\release\progressbar.obj
k:\hl1re\source-sdk-2005-xbox\vgui2\controls\release\panellistpanel.obj
k:\hl1re\source-sdk-2005-xbox\vgui2\controls\release\panel.obj
k:\hl1re\source-sdk-2005-xbox\vgui2\controls\release\messagebox.obj
k:\hl1re\source-sdk-2005-xbox\vgui2\controls\release\menuitem.obj
k:\hl1re\source-sdk-2005-xbox\vgui2\controls\release\menubutton.obj
k:\hl1re\source-sdk-2005-xbox\vgui2\controls\release\menubar.obj
k:\hl1re\source-sdk-2005-xbox\vgui2\controls\release\menu.obj
k:\hl1re\source-sdk-2005-xbox\vgui2\controls\release\listviewpanel.obj
k:\hl1re\source-sdk-2005-xbox\vgui2\controls\release\listpanel.obj
k:\hl1re\source-sdk-2005-xbox\vgui2\controls\release\label.obj
k:\hl1re\source-sdk-2005-xbox\vgui2\controls\release\keyboardeditordialog.obj
k:\hl1re\source-sdk-2005-xbox\vgui2\controls\release\keybindinghelpdialog.obj
k:\hl1re\source-sdk-2005-xbox\vgui2\controls\release\inputdialog.obj
k:\hl1re\source-sdk-2005-xbox\vgui2\controls\release\imagepanel.obj
k:\hl1re\source-sdk-2005-xbox\vgui2\controls\release\imagelist.obj
k:\hl1re\source-sdk-2005-xbox\vgui2\controls\release\image.obj
k:\hl1re\source-sdk-2005-xbox\vgui2\controls\release\html.obj
k:\hl1re\source-sdk-2005-xbox\vgui2\controls\release\propertypage.sbr
k:\hl1re\source-sdk-2005-xbox\vgui2\controls\release\propertysheet.sbr
k:\hl1re\source-sdk-2005-xbox\vgui2\controls\release\querybox.sbr
k:\hl1re\source-sdk-2005-xbox\vgui2\controls\release\radiobutton.sbr
k:\hl1re\source-sdk-2005-xbox\vgui2\controls\release\richtext.sbr
k:\hl1re\source-sdk-2005-xbox\vgui2\controls\release\scrollbar.sbr
k:\hl1re\source-sdk-2005-xbox\vgui2\controls\release\scrollbarslider.sbr
k:\hl1re\source-sdk-2005-xbox\vgui2\controls\release\sectionedlistpanel.sbr
k:\hl1re\source-sdk-2005-xbox\vgui2\controls\release\slider.sbr
k:\hl1re\source-sdk-2005-xbox\vgui2\controls\release\splitter.sbr
k:\hl1re\source-sdk-2005-xbox\vgui2\controls\release\textentry.sbr
k:\hl1re\source-sdk-2005-xbox\vgui2\controls\release\textimage.sbr
k:\hl1re\source-sdk-2005-xbox\vgui2\controls\release\togglebutton.sbr
k:\hl1re\source-sdk-2005-xbox\vgui2\controls\release\tooltip.sbr
k:\hl1re\source-sdk-2005-xbox\vgui2\controls\release\toolwindow.sbr
k:\hl1re\source-sdk-2005-xbox\vgui2\controls\release\treeview.sbr
k:\hl1re\source-sdk-2005-xbox\vgui2\controls\release\treeviewlistcontrol.sbr
k:\hl1re\source-sdk-2005-xbox\vgui2\controls\release\urllabel.sbr
k:\hl1re\source-sdk-2005-xbox\vgui2\controls\release\wizardpanel.sbr
k:\hl1re\source-sdk-2005-xbox\vgui2\controls\release\wizardsubpanel.sbr
k:\hl1re\source-sdk-2005-xbox\vgui2\controls\release\wizardsubpanel.obj
k:\hl1re\source-sdk-2005-xbox\vgui2\controls\release\wizardpanel.obj
k:\hl1re\source-sdk-2005-xbox\vgui2\controls\release\urllabel.obj
k:\hl1re\source-sdk-2005-xbox\vgui2\controls\release\treeviewlistcontrol.obj
k:\hl1re\source-sdk-2005-xbox\vgui2\controls\release\treeview.obj
k:\hl1re\source-sdk-2005-xbox\vgui2\controls\release\toolwindow.obj
k:\hl1re\source-sdk-2005-xbox\vgui2\controls\release\tooltip.obj
k:\hl1re\source-sdk-2005-xbox\vgui2\controls\release\togglebutton.obj
k:\hl1re\source-sdk-2005-xbox\vgui2\controls\release\textimage.obj
k:\hl1re\source-sdk-2005-xbox\vgui2\controls\release\textentry.obj
k:\hl1re\source-sdk-2005-xbox\vgui2\controls\release\splitter.obj
k:\hl1re\source-sdk-2005-xbox\vgui2\controls\release\slider.obj
k:\hl1re\source-sdk-2005-xbox\vgui2\controls\release\sectionedlistpanel.obj
k:\hl1re\source-sdk-2005-xbox\vgui2\controls\release\scrollbarslider.obj
k:\hl1re\source-sdk-2005-xbox\vgui2\controls\release\scrollbar.obj
k:\hl1re\source-sdk-2005-xbox\vgui2\controls\release\richtext.obj
k:\hl1re\source-sdk-2005-xbox\vgui2\controls\release\radiobutton.obj
k:\hl1re\source-sdk-2005-xbox\vgui2\controls\release\querybox.obj
k:\hl1re\source-sdk-2005-xbox\vgui2\controls\release\propertysheet.obj
k:\hl1re\source-sdk-2005-xbox\vgui2\controls\release\propertypage.obj
k:\hl1re\source-sdk-2005-xbox\lib\public\vgui_controls.lib
k:\hl1re\source-sdk-2005-xbox\vgui2\controls\release\vgui_controls.tlog\bscmake.command.1.tlog
k:\hl1re\source-sdk-2005-xbox\vgui2\controls\release\vgui_controls.tlog\bscmake.read.1.tlog
k:\hl1re\source-sdk-2005-xbox\vgui2\controls\release\vgui_controls.tlog\bscmake.write.1.tlog
k:\hl1re\source-sdk-2005-xbox\vgui2\controls\release\vgui_controls.tlog\cl.command.1.tlog
k:\hl1re\source-sdk-2005-xbox\vgui2\controls\release\vgui_controls.tlog\cl.read.1.tlog
k:\hl1re\source-sdk-2005-xbox\vgui2\controls\release\vgui_controls.tlog\cl.write.1.tlog
k:\hl1re\source-sdk-2005-xbox\vgui2\controls\release\vgui_controls.tlog\lib-link.read.1.tlog
k:\hl1re\source-sdk-2005-xbox\vgui2\controls\release\vgui_controls.tlog\lib-link.write.1.tlog
k:\hl1re\source-sdk-2005-xbox\vgui2\controls\release\vgui_controls.tlog\lib.command.1.tlog
