k:\hl1re\source-sdk-2005-xbox\utils\studiomdl\release\vc143.pdb
k:\hl1re\source-sdk-2005-xbox\utils\studiomdl\release\simplify.obj
k:\hl1re\source-sdk-2005-xbox\utils\studiomdl\release\perfstats.obj
k:\hl1re\source-sdk-2005-xbox\utils\studiomdl\release\optimize.obj
k:\hl1re\source-sdk-2005-xbox\utils\studiomdl\release\objsupport.obj
k:\hl1re\source-sdk-2005-xbox\utils\studiomdl\release\mrmsupport.obj
k:\hl1re\source-sdk-2005-xbox\utils\studiomdl\release\matsys.obj
k:\hl1re\source-sdk-2005-xbox\utils\studiomdl\release\hardwarevertexcache.obj
k:\hl1re\source-sdk-2005-xbox\utils\studiomdl\release\hardwarematrixstate.obj
k:\hl1re\source-sdk-2005-xbox\utils\studiomdl\release\collisionmodel.obj
k:\hl1re\source-sdk-2005-xbox\utils\studiomdl\release\scriplib.obj
k:\hl1re\source-sdk-2005-xbox\utils\studiomdl\release\physdll.obj
k:\hl1re\source-sdk-2005-xbox\utils\studiomdl\release\mstristrip.obj
k:\hl1re\source-sdk-2005-xbox\utils\studiomdl\release\filesystem_tools.obj
k:\hl1re\source-sdk-2005-xbox\utils\studiomdl\release\cmdlib.obj
k:\hl1re\source-sdk-2005-xbox\utils\studiomdl\release\memoverride.obj
k:\hl1re\source-sdk-2005-xbox\utils\studiomdl\release\studio.obj
k:\hl1re\source-sdk-2005-xbox\utils\studiomdl\release\filesystem_init.obj
k:\hl1re\source-sdk-2005-xbox\utils\studiomdl\release\filesystem_helpers.obj
k:\hl1re\source-sdk-2005-xbox\utils\studiomdl\release\collisionutils.obj
k:\hl1re\source-sdk-2005-xbox\utils\studiomdl\release\bone_setup.obj
k:\hl1re\source-sdk-2005-xbox\utils\studiomdl\release\write.obj
k:\hl1re\source-sdk-2005-xbox\utils\studiomdl\release\v1support.obj
k:\hl1re\source-sdk-2005-xbox\utils\studiomdl\release\unifylods.obj
k:\hl1re\source-sdk-2005-xbox\utils\studiomdl\release\studiomdl.obj
k:\hl1re\source-sdk-2005-xbox\utils\studiomdl\release\studiomdl.exp
k:\hl1re\source-sdk-2005-xbox\utils\studiomdl\release\studiomdl.pdb
k:\hl1re\source-sdk-2005-xbox\utils\studiomdl\release\studiomdl.tlog\cl.command.1.tlog
k:\hl1re\source-sdk-2005-xbox\utils\studiomdl\release\studiomdl.tlog\cl.read.1.tlog
k:\hl1re\source-sdk-2005-xbox\utils\studiomdl\release\studiomdl.tlog\cl.write.1.tlog
k:\hl1re\source-sdk-2005-xbox\utils\studiomdl\release\studiomdl.tlog\link-cvtres.read.1.tlog
k:\hl1re\source-sdk-2005-xbox\utils\studiomdl\release\studiomdl.tlog\link-cvtres.write.1.tlog
k:\hl1re\source-sdk-2005-xbox\utils\studiomdl\release\studiomdl.tlog\link-rc.read.1.tlog
k:\hl1re\source-sdk-2005-xbox\utils\studiomdl\release\studiomdl.tlog\link-rc.write.1.tlog
k:\hl1re\source-sdk-2005-xbox\utils\studiomdl\release\studiomdl.tlog\link.command.1.tlog
k:\hl1re\source-sdk-2005-xbox\utils\studiomdl\release\studiomdl.tlog\link.read.1.tlog
k:\hl1re\source-sdk-2005-xbox\utils\studiomdl\release\studiomdl.tlog\link.write.1.tlog
