cl : command line  warning D9035: option 'Gm' has been deprecated and will be removed in a future release
  xboxstubs.cpp
  utlsymbol.cpp
  utlstring.cpp
  utlbuffer.cpp
  tier1.cpp
  strtools.cpp
  stringpool.cpp
  rangecheckedvar.cpp
  memstack.cpp
  mempool.cpp
  jobthread.cpp
  interface.cpp
  diff.cpp
  datamanager.cpp
  convar.cpp
K:\HL1RE\source-sdk-2005-xbox\tier1\convar.cpp(441,11): warning C4459: declaration of 'cvar' hides global declaration
K:\HL1RE\source-sdk-2005-xbox\public\icvar.h(48,15): message : see declaration of 'cvar'
  checksum_md5.cpp
  checksum_crc.cpp
  characterset.cpp
  byteswap.cpp
  NetAdr.cpp
  Generating Code...
  Compiling...
  KeyValues.cpp
K:\HL1RE\source-sdk-2005-xbox\tier1\KeyValues.cpp(1123,16): warning C4456: declaration of 'buf' hides previous local declaration
K:\HL1RE\source-sdk-2005-xbox\tier1\KeyValues.cpp(1102,8): message : see declaration of 'buf'
  Generating Code...
C:\Program Files\Microsoft Visual Studio\2022\Community\MSBuild\Microsoft\VC\v170\Microsoft.CppBuild.targets(1556,5): warning MSB8012: TargetPath(K:\HL1RE\source-sdk-2005-xbox\tier1\Debug\tier1.lib) does not match the Library's OutputFile property value (K:\HL1RE\source-sdk-2005-xbox\lib\public\tier1.lib). This may cause your project to build incorrectly. To correct this, please make sure that $(OutDir), $(TargetName) and $(TargetExt) property values match the value specified in %(Lib.OutputFile).
  tier1-2005.vcxproj -> K:\HL1RE\source-sdk-2005-xbox\tier1\Debug\tier1.lib
