k:\hl1re\source-sdk-2005-xbox\tier1\release\tier1.obj
k:\hl1re\source-sdk-2005-xbox\tier1\release\strtools.obj
k:\hl1re\source-sdk-2005-xbox\tier1\release\stringpool.obj
k:\hl1re\source-sdk-2005-xbox\tier1\release\rangecheckedvar.obj
k:\hl1re\source-sdk-2005-xbox\tier1\release\processor_detect.obj
k:\hl1re\source-sdk-2005-xbox\tier1\release\netadr.obj
k:\hl1re\source-sdk-2005-xbox\tier1\release\memstack.obj
k:\hl1re\source-sdk-2005-xbox\tier1\release\mempool.obj
k:\hl1re\source-sdk-2005-xbox\tier1\release\keyvalues.obj
k:\hl1re\source-sdk-2005-xbox\tier1\release\jobthread.obj
k:\hl1re\source-sdk-2005-xbox\tier1\release\interface.obj
k:\hl1re\source-sdk-2005-xbox\tier1\release\generichash.obj
k:\hl1re\source-sdk-2005-xbox\tier1\release\diff.obj
k:\hl1re\source-sdk-2005-xbox\tier1\release\datamanager.obj
k:\hl1re\source-sdk-2005-xbox\tier1\release\convar.obj
k:\hl1re\source-sdk-2005-xbox\tier1\release\checksum_md5.obj
k:\hl1re\source-sdk-2005-xbox\tier1\release\checksum_crc.obj
k:\hl1re\source-sdk-2005-xbox\tier1\release\characterset.obj
k:\hl1re\source-sdk-2005-xbox\tier1\release\byteswap.obj
k:\hl1re\source-sdk-2005-xbox\tier1\release\bitbuf.obj
k:\hl1re\source-sdk-2005-xbox\tier1\release\xboxstubs.obj
k:\hl1re\source-sdk-2005-xbox\tier1\release\utlsymbol.obj
k:\hl1re\source-sdk-2005-xbox\tier1\release\utlstring.obj
k:\hl1re\source-sdk-2005-xbox\tier1\release\utlbuffer.obj
k:\hl1re\source-sdk-2005-xbox\tier1\release\tokenreader.obj
k:\hl1re\source-sdk-2005-xbox\lib\public\tier1.lib
k:\hl1re\source-sdk-2005-xbox\tier1\release\tier1.tlog\cl.command.1.tlog
k:\hl1re\source-sdk-2005-xbox\tier1\release\tier1.tlog\cl.read.1.tlog
k:\hl1re\source-sdk-2005-xbox\tier1\release\tier1.tlog\cl.write.1.tlog
k:\hl1re\source-sdk-2005-xbox\tier1\release\tier1.tlog\lib-link.read.1.tlog
k:\hl1re\source-sdk-2005-xbox\tier1\release\tier1.tlog\lib-link.write.1.tlog
k:\hl1re\source-sdk-2005-xbox\tier1\release\tier1.tlog\lib.command.1.tlog
